# JRE version: OpenJDK Runtime Environment (21.0.1+12) (build 21.0.1+12-29)
# Java VM: OpenJDK 64-Bit Server VM (21.0.1+12-29, mixed mode, sharing, tiered, compressed oops, compressed class ptrs, g1 gc, windows-amd64)
GC Precious Log:
 CardTable entry size: 512
 Card Set container configuration: InlinePtr #cards 5 size 8 Array Of Cards #cards 12 size 40 Howl #buckets 4 coarsen threshold 1843 Howl Bitmap #cards 512 size 80 coarsen threshold 460 Card regions per heap region 1 cards per card region 2048
 CPUs: 8 total, 8 available
 Memory: 5989M
 Large Page Support: Disabled
 NUMA Support: Disabled
 Compressed Oops: Enabled (32-bit)
 Heap Region Size: 1M
 Heap Min Capacity: 8M
 Heap Initial Capacity: 94M
 Heap Max Capacity: 1498M
 Pre-touch: Disabled
 Parallel Workers: 8
 Concurrent Workers: 2
 Concurrent Refinement Workers: 8
 Periodic GC: Disabled
Heap:
 garbage-first heap   total 187392K, used 66233K [0x00000000a2600000, 0x0000000100000000)
  region size 1024K, 21 young (21504K), 2 survivors (2048K)
 Metaspace       used 37685K, committed 38208K, reserved 1114112K
  class space    used 4719K, committed 4928K, reserved 1048576K
GC Heap History (20 events):
Event: 4.478 GC heap before
{Heap before GC invocations=12 (full 0):
 garbage-first heap   total 51200K, used 44330K [0x00000000a2600000, 0x0000000100000000)
  region size 1024K, 20 young (20480K), 3 survivors (3072K)
 Metaspace       used 37292K, committed 37824K, reserved 1114112K
  class space    used 4679K, committed 4928K, reserved 1048576K
}
Event: 4.481 GC heap after
{Heap after GC invocations=13 (full 0):
 garbage-first heap   total 68608K, used 29883K [0x00000000a2600000, 0x0000000100000000)
  region size 1024K, 3 young (3072K), 3 survivors (3072K)
 Metaspace       used 37292K, committed 37824K, reserved 1114112K
  class space    used 4679K, committed 4928K, reserved 1048576K
}
Event: 4.531 GC heap before
{Heap before GC invocations=14 (full 0):
 garbage-first heap   total 68608K, used 57531K [0x00000000a2600000, 0x0000000100000000)
  region size 1024K, 30 young (30720K), 3 survivors (3072K)
 Metaspace       used 37292K, committed 37824K, reserved 1114112K
  class space    used 4679K, committed 4928K, reserved 1048576K
}
Event: 4.534 GC heap after
{Heap after GC invocations=15 (full 0):
 garbage-first heap   total 68608K, used 33984K [0x00000000a2600000, 0x0000000100000000)
  region size 1024K, 4 young (4096K), 4 survivors (4096K)
 Metaspace       used 37292K, committed 37824K, reserved 1114112K
  class space    used 4679K, committed 4928K, reserved 1048576K
}
Event: 4.567 GC heap before
{Heap before GC invocations=15 (full 0):
 garbage-first heap   total 68608K, used 58560K [0x00000000a2600000, 0x0000000100000000)
  region size 1024K, 28 young (28672K), 4 survivors (4096K)
 Metaspace       used 37292K, committed 37824K, reserved 1114112K
  class space    used 4679K, committed 4928K, reserved 1048576K
}
Event: 4.570 GC heap after
{Heap after GC invocations=16 (full 0):
 garbage-first heap   total 68608K, used 37434K [0x00000000a2600000, 0x0000000100000000)
  region size 1024K, 4 young (4096K), 4 survivors (4096K)
 Metaspace       used 37292K, committed 37824K, reserved 1114112K
  class space    used 4679K, committed 4928K, reserved 1048576K
}
Event: 4.609 GC heap before
{Heap before GC invocations=16 (full 0):
 garbage-first heap   total 68608K, used 59962K [0x00000000a2600000, 0x0000000100000000)
  region size 1024K, 26 young (26624K), 4 survivors (4096K)
 Metaspace       used 37294K, committed 37824K, reserved 1114112K
  class space    used 4679K, committed 4928K, reserved 1048576K
}
Event: 4.612 GC heap after
{Heap after GC invocations=17 (full 0):
 garbage-first heap   total 68608K, used 40771K [0x00000000a2600000, 0x0000000100000000)
  region size 1024K, 4 young (4096K), 4 survivors (4096K)
 Metaspace       used 37294K, committed 37824K, reserved 1114112K
  class space    used 4679K, committed 4928K, reserved 1048576K
}
Event: 4.641 GC heap before
{Heap before GC invocations=17 (full 0):
 garbage-first heap   total 99328K, used 59203K [0x00000000a2600000, 0x0000000100000000)
  region size 1024K, 22 young (22528K), 4 survivors (4096K)
 Metaspace       used 37294K, committed 37824K, reserved 1114112K
  class space    used 4679K, committed 4928K, reserved 1048576K
}
Event: 4.643 GC heap after
{Heap after GC invocations=18 (full 0):
 garbage-first heap   total 99328K, used 43707K [0x00000000a2600000, 0x0000000100000000)
  region size 1024K, 3 young (3072K), 3 survivors (3072K)
 Metaspace       used 37294K, committed 37824K, reserved 1114112K
  class space    used 4679K, committed 4928K, reserved 1048576K
}
Event: 5.444 GC heap before
{Heap before GC invocations=19 (full 0):
 garbage-first heap   total 99328K, used 83643K [0x00000000a2600000, 0x0000000100000000)
  region size 1024K, 43 young (44032K), 3 survivors (3072K)
 Metaspace       used 37309K, committed 37888K, reserved 1114112K
  class space    used 4680K, committed 4928K, reserved 1048576K
}
Event: 5.452 GC heap after
{Heap after GC invocations=20 (full 0):
 garbage-first heap   total 99328K, used 54171K [0x00000000a2600000, 0x0000000100000000)
  region size 1024K, 6 young (6144K), 6 survivors (6144K)
 Metaspace       used 37309K, committed 37888K, reserved 1114112K
  class space    used 4680K, committed 4928K, reserved 1048576K
}
Event: 5.561 GC heap before
{Heap before GC invocations=20 (full 0):
 garbage-first heap   total 99328K, used 83867K [0x00000000a2600000, 0x0000000100000000)
  region size 1024K, 35 young (35840K), 6 survivors (6144K)
 Metaspace       used 37355K, committed 37888K, reserved 1114112K
  class space    used 4687K, committed 4928K, reserved 1048576K
}
Event: 5.565 GC heap after
{Heap after GC invocations=21 (full 0):
 garbage-first heap   total 99328K, used 56278K [0x00000000a2600000, 0x0000000100000000)
  region size 1024K, 2 young (2048K), 2 survivors (2048K)
 Metaspace       used 37355K, committed 37888K, reserved 1114112K
  class space    used 4687K, committed 4928K, reserved 1048576K
}
Event: 5.694 GC heap before
{Heap before GC invocations=21 (full 0):
 garbage-first heap   total 99328K, used 84950K [0x00000000a2600000, 0x0000000100000000)
  region size 1024K, 30 young (30720K), 2 survivors (2048K)
 Metaspace       used 37430K, committed 37952K, reserved 1114112K
  class space    used 4697K, committed 4928K, reserved 1048576K
}
Event: 5.696 GC heap after
{Heap after GC invocations=22 (full 0):
 garbage-first heap   total 187392K, used 55906K [0x00000000a2600000, 0x0000000100000000)
  region size 1024K, 2 young (2048K), 2 survivors (2048K)
 Metaspace       used 37430K, committed 37952K, reserved 1114112K
  class space    used 4697K, committed 4928K, reserved 1048576K
}
Event: 6.226 GC heap before
{Heap before GC invocations=23 (full 0):
 garbage-first heap   total 187392K, used 155234K [0x00000000a2600000, 0x0000000100000000)
  region size 1024K, 99 young (101376K), 2 survivors (2048K)
 Metaspace       used 37584K, committed 38080K, reserved 1114112K
  class space    used 4710K, committed 4928K, reserved 1048576K
}
Event: 6.228 GC heap after
{Heap after GC invocations=24 (full 0):
 garbage-first heap   total 187392K, used 55337K [0x00000000a2600000, 0x0000000100000000)
  region size 1024K, 1 young (1024K), 1 survivors (1024K)
 Metaspace       used 37584K, committed 38080K, reserved 1114112K
  class space    used 4710K, committed 4928K, reserved 1048576K
}
Event: 6.701 GC heap before
{Heap before GC invocations=24 (full 0):
 garbage-first heap   total 187392K, used 165929K [0x00000000a2600000, 0x0000000100000000)
  region size 1024K, 109 young (111616K), 1 survivors (1024K)
 Metaspace       used 37683K, committed 38208K, reserved 1114112K
  class space    used 4719K, committed 4928K, reserved 1048576K
}
Event: 6.705 GC heap after
{Heap after GC invocations=25 (full 0):
 garbage-first heap   total 187392K, used 47801K [0x00000000a2600000, 0x0000000100000000)
  region size 1024K, 2 young (2048K), 2 survivors (2048K)
 Metaspace       used 37683K, committed 38208K, reserved 1114112K
  class space    used 4719K, committed 4928K, reserved 1048576K
}

