# JRE version: OpenJDK Runtime Environment (21.0.1+12) (build 21.0.1+12-29)
# Java VM: OpenJDK 64-Bit Server VM (21.0.1+12-29, mixed mode, sharing, tiered, compressed oops, compressed class ptrs, g1 gc, windows-amd64)
GC Precious Log:
 CardTable entry size: 512
 Card Set container configuration: InlinePtr #cards 5 size 8 Array Of Cards #cards 12 size 40 Howl #buckets 4 coarsen threshold 1843 Howl Bitmap #cards 512 size 80 coarsen threshold 460 Card regions per heap region 1 cards per card region 2048
 CPUs: 8 total, 8 available
 Memory: 5989M
 Large Page Support: Disabled
 NUMA Support: Disabled
 Compressed Oops: Enabled (32-bit)
 Heap Region Size: 1M
 Heap Min Capacity: 8M
 Heap Initial Capacity: 94M
 Heap Max Capacity: 1498M
 Pre-touch: Disabled
 Parallel Workers: 8
 Concurrent Workers: 2
 Concurrent Refinement Workers: 8
 Periodic GC: Disabled
Heap:
 garbage-first heap   total 111616K, used 93827K [0x00000000a2600000, 0x0000000100000000)
  region size 1024K, 51 young (52224K), 4 survivors (4096K)
 Metaspace       used 68977K, committed 69632K, reserved 1114112K
  class space    used 9172K, committed 9472K, reserved 1048576K
GC Heap History (20 events):
Event: 8.275 GC heap before
{Heap before GC invocations=24 (full 0):
 garbage-first heap   total 97280K, used 83923K [0x00000000a2600000, 0x0000000100000000)
  region size 1024K, 37 young (37888K), 1 survivors (1024K)
 Metaspace       used 37573K, committed 38144K, reserved 1114112K
  class space    used 4700K, committed 4928K, reserved 1048576K
}
Event: 8.277 GC heap after
{Heap after GC invocations=25 (full 0):
 garbage-first heap   total 97280K, used 43460K [0x00000000a2600000, 0x0000000100000000)
  region size 1024K, 1 young (1024K), 1 survivors (1024K)
 Metaspace       used 37573K, committed 38144K, reserved 1114112K
  class space    used 4700K, committed 4928K, reserved 1048576K
}
Event: 8.582 GC heap before
{Heap before GC invocations=25 (full 0):
 garbage-first heap   total 97280K, used 84420K [0x00000000a2600000, 0x0000000100000000)
  region size 1024K, 41 young (41984K), 1 survivors (1024K)
 Metaspace       used 37590K, committed 38144K, reserved 1114112K
  class space    used 4706K, committed 4928K, reserved 1048576K
}
Event: 8.584 GC heap after
{Heap after GC invocations=26 (full 0):
 garbage-first heap   total 97280K, used 43519K [0x00000000a2600000, 0x0000000100000000)
  region size 1024K, 1 young (1024K), 1 survivors (1024K)
 Metaspace       used 37590K, committed 38144K, reserved 1114112K
  class space    used 4706K, committed 4928K, reserved 1048576K
}
Event: 8.992 GC heap before
{Heap before GC invocations=27 (full 0):
 garbage-first heap   total 97280K, used 85503K [0x00000000a2600000, 0x0000000100000000)
  region size 1024K, 42 young (43008K), 1 survivors (1024K)
 Metaspace       used 37601K, committed 38144K, reserved 1114112K
  class space    used 4708K, committed 4928K, reserved 1048576K
}
Event: 8.993 GC heap after
{Heap after GC invocations=28 (full 0):
 garbage-first heap   total 97280K, used 43519K [0x00000000a2600000, 0x0000000100000000)
  region size 1024K, 1 young (1024K), 1 survivors (1024K)
 Metaspace       used 37601K, committed 38144K, reserved 1114112K
  class space    used 4708K, committed 4928K, reserved 1048576K
}
Event: 9.232 GC heap before
{Heap before GC invocations=28 (full 0):
 garbage-first heap   total 97280K, used 87551K [0x00000000a2600000, 0x0000000100000000)
  region size 1024K, 44 young (45056K), 1 survivors (1024K)
 Metaspace       used 37690K, committed 38208K, reserved 1114112K
  class space    used 4714K, committed 4928K, reserved 1048576K
}
Event: 9.233 GC heap after
{Heap after GC invocations=29 (full 0):
 garbage-first heap   total 97280K, used 42617K [0x00000000a2600000, 0x0000000100000000)
  region size 1024K, 2 young (2048K), 2 survivors (2048K)
 Metaspace       used 37690K, committed 38208K, reserved 1114112K
  class space    used 4714K, committed 4928K, reserved 1048576K
}
Event: 9.398 GC heap before
{Heap before GC invocations=29 (full 0):
 garbage-first heap   total 97280K, used 87673K [0x00000000a2600000, 0x0000000100000000)
  region size 1024K, 46 young (47104K), 2 survivors (2048K)
 Metaspace       used 37693K, committed 38208K, reserved 1114112K
  class space    used 4714K, committed 4928K, reserved 1048576K
}
Event: 9.399 GC heap after
{Heap after GC invocations=30 (full 0):
 garbage-first heap   total 97280K, used 42495K [0x00000000a2600000, 0x0000000100000000)
  region size 1024K, 1 young (1024K), 1 survivors (1024K)
 Metaspace       used 37693K, committed 38208K, reserved 1114112K
  class space    used 4714K, committed 4928K, reserved 1048576K
}
Event: 10.439 GC heap before
{Heap before GC invocations=31 (full 0):
 garbage-first heap   total 97280K, used 89599K [0x00000000a2600000, 0x0000000100000000)
  region size 1024K, 47 young (48128K), 1 survivors (1024K)
 Metaspace       used 42797K, committed 43264K, reserved 1114112K
  class space    used 5372K, committed 5568K, reserved 1048576K
}
Event: 10.442 GC heap after
{Heap after GC invocations=32 (full 0):
 garbage-first heap   total 97280K, used 45218K [0x00000000a2600000, 0x0000000100000000)
  region size 1024K, 4 young (4096K), 4 survivors (4096K)
 Metaspace       used 42797K, committed 43264K, reserved 1114112K
  class space    used 5372K, committed 5568K, reserved 1048576K
}
Event: 10.882 GC heap before
{Heap before GC invocations=32 (full 0):
 garbage-first heap   total 97280K, used 86178K [0x00000000a2600000, 0x0000000100000000)
  region size 1024K, 44 young (45056K), 4 survivors (4096K)
 Metaspace       used 44300K, committed 44864K, reserved 1114112K
  class space    used 5521K, committed 5760K, reserved 1048576K
}
Event: 10.886 GC heap after
{Heap after GC invocations=33 (full 0):
 garbage-first heap   total 97280K, used 44997K [0x00000000a2600000, 0x0000000100000000)
  region size 1024K, 4 young (4096K), 4 survivors (4096K)
 Metaspace       used 44300K, committed 44864K, reserved 1114112K
  class space    used 5521K, committed 5760K, reserved 1048576K
}
Event: 11.086 GC heap before
{Heap before GC invocations=33 (full 0):
 garbage-first heap   total 97280K, used 85957K [0x00000000a2600000, 0x0000000100000000)
  region size 1024K, 44 young (45056K), 4 survivors (4096K)
 Metaspace       used 44653K, committed 45184K, reserved 1114112K
  class space    used 5573K, committed 5824K, reserved 1048576K
}
Event: 11.089 GC heap after
{Heap after GC invocations=34 (full 0):
 garbage-first heap   total 97280K, used 45087K [0x00000000a2600000, 0x0000000100000000)
  region size 1024K, 2 young (2048K), 2 survivors (2048K)
 Metaspace       used 44653K, committed 45184K, reserved 1114112K
  class space    used 5573K, committed 5824K, reserved 1048576K
}
Event: 11.145 GC heap before
{Heap before GC invocations=35 (full 0):
 garbage-first heap   total 111616K, used 87071K [0x00000000a2600000, 0x0000000100000000)
  region size 1024K, 44 young (45056K), 2 survivors (2048K)
 Metaspace       used 44660K, committed 45184K, reserved 1114112K
  class space    used 5573K, committed 5824K, reserved 1048576K
}
Event: 11.146 GC heap after
{Heap after GC invocations=36 (full 0):
 garbage-first heap   total 111616K, used 45028K [0x00000000a2600000, 0x0000000100000000)
  region size 1024K, 2 young (2048K), 2 survivors (2048K)
 Metaspace       used 44660K, committed 45184K, reserved 1114112K
  class space    used 5573K, committed 5824K, reserved 1048576K
}
Event: 12.311 GC heap before
{Heap before GC invocations=36 (full 0):
 garbage-first heap   total 111616K, used 102372K [0x00000000a2600000, 0x0000000100000000)
  region size 1024K, 58 young (59392K), 2 survivors (2048K)
 Metaspace       used 57326K, committed 57984K, reserved 1114112K
  class space    used 7385K, committed 7680K, reserved 1048576K
}
Event: 12.314 GC heap after
{Heap after GC invocations=37 (full 0):
 garbage-first heap   total 111616K, used 46723K [0x00000000a2600000, 0x0000000100000000)
  region size 1024K, 4 young (4096K), 4 survivors (4096K)
 Metaspace       used 57326K, committed 57984K, reserved 1114112K
  class space    used 7385K, committed 7680K, reserved 1048576K
}

