# JRE version: OpenJDK Runtime Environment (21.0.1+12) (build 21.0.1+12-29)
# Java VM: OpenJDK 64-Bit Server VM (21.0.1+12-29, mixed mode, sharing, tiered, compressed oops, compressed class ptrs, g1 gc, windows-amd64)
GC Precious Log:
 CardTable entry size: 512
 Card Set container configuration: InlinePtr #cards 5 size 8 Array Of Cards #cards 12 size 40 Howl #buckets 4 coarsen threshold 1843 Howl Bitmap #cards 512 size 80 coarsen threshold 460 Card regions per heap region 1 cards per card region 2048
 CPUs: 8 total, 8 available
 Memory: 5989M
 Large Page Support: Disabled
 NUMA Support: Disabled
 Compressed Oops: Enabled (32-bit)
 Heap Region Size: 1M
 Heap Min Capacity: 8M
 Heap Initial Capacity: 94M
 Heap Max Capacity: 1498M
 Pre-touch: Disabled
 Parallel Workers: 8
 Concurrent Workers: 2
 Concurrent Refinement Workers: 8
 Periodic GC: Disabled
Heap:
 garbage-first heap   total 175104K, used 124393K [0x00000000a2600000, 0x0000000100000000)
  region size 1024K, 78 young (79872K), 8 survivors (8192K)
 Metaspace       used 73172K, committed 73920K, reserved 1114112K
  class space    used 9815K, committed 10176K, reserved 1048576K
GC Heap History (20 events):
Event: 4.425 GC heap before
{Heap before GC invocations=12 (full 0):
 garbage-first heap   total 69632K, used 59389K [0x00000000a2600000, 0x0000000100000000)
  region size 1024K, 31 young (31744K), 3 survivors (3072K)
 Metaspace       used 37288K, committed 37824K, reserved 1114112K
  class space    used 4680K, committed 4928K, reserved 1048576K
}
Event: 4.428 GC heap after
{Heap after GC invocations=13 (full 0):
 garbage-first heap   total 69632K, used 34816K [0x00000000a2600000, 0x0000000100000000)
  region size 1024K, 4 young (4096K), 4 survivors (4096K)
 Metaspace       used 37288K, committed 37824K, reserved 1114112K
  class space    used 4680K, committed 4928K, reserved 1048576K
}
Event: 4.472 GC heap before
{Heap before GC invocations=13 (full 0):
 garbage-first heap   total 69632K, used 60416K [0x00000000a2600000, 0x0000000100000000)
  region size 1024K, 29 young (29696K), 4 survivors (4096K)
 Metaspace       used 37291K, committed 37824K, reserved 1114112K
  class space    used 4680K, committed 4928K, reserved 1048576K
}
Event: 4.476 GC heap after
{Heap after GC invocations=14 (full 0):
 garbage-first heap   total 69632K, used 38603K [0x00000000a2600000, 0x0000000100000000)
  region size 1024K, 4 young (4096K), 4 survivors (4096K)
 Metaspace       used 37291K, committed 37824K, reserved 1114112K
  class space    used 4680K, committed 4928K, reserved 1048576K
}
Event: 4.503 GC heap before
{Heap before GC invocations=14 (full 0):
 garbage-first heap   total 69632K, used 61131K [0x00000000a2600000, 0x0000000100000000)
  region size 1024K, 26 young (26624K), 4 survivors (4096K)
 Metaspace       used 37295K, committed 37824K, reserved 1114112K
  class space    used 4680K, committed 4928K, reserved 1048576K
}
Event: 4.506 GC heap after
{Heap after GC invocations=15 (full 0):
 garbage-first heap   total 69632K, used 41564K [0x00000000a2600000, 0x0000000100000000)
  region size 1024K, 3 young (3072K), 3 survivors (3072K)
 Metaspace       used 37295K, committed 37824K, reserved 1114112K
  class space    used 4680K, committed 4928K, reserved 1048576K
}
Event: 4.534 GC heap before
{Heap before GC invocations=15 (full 0):
 garbage-first heap   total 101376K, used 61020K [0x00000000a2600000, 0x0000000100000000)
  region size 1024K, 22 young (22528K), 3 survivors (3072K)
 Metaspace       used 37295K, committed 37824K, reserved 1114112K
  class space    used 4680K, committed 4928K, reserved 1048576K
}
Event: 4.537 GC heap after
{Heap after GC invocations=16 (full 0):
 garbage-first heap   total 175104K, used 44557K [0x00000000a2600000, 0x0000000100000000)
  region size 1024K, 3 young (3072K), 3 survivors (3072K)
 Metaspace       used 37295K, committed 37824K, reserved 1114112K
  class space    used 4680K, committed 4928K, reserved 1048576K
}
Event: 6.073 GC heap before
{Heap before GC invocations=17 (full 0):
 garbage-first heap   total 175104K, used 143885K [0x00000000a2600000, 0x0000000100000000)
  region size 1024K, 101 young (103424K), 3 survivors (3072K)
 Metaspace       used 37426K, committed 37952K, reserved 1114112K
  class space    used 4699K, committed 4928K, reserved 1048576K
}
Event: 6.082 GC heap after
{Heap after GC invocations=18 (full 0):
 garbage-first heap   total 175104K, used 54834K [0x00000000a2600000, 0x0000000100000000)
  region size 1024K, 13 young (13312K), 13 survivors (13312K)
 Metaspace       used 37426K, committed 37952K, reserved 1114112K
  class space    used 4699K, committed 4928K, reserved 1048576K
}
Event: 6.507 GC heap before
{Heap before GC invocations=18 (full 0):
 garbage-first heap   total 175104K, used 143922K [0x00000000a2600000, 0x0000000100000000)
  region size 1024K, 100 young (102400K), 13 survivors (13312K)
 Metaspace       used 37576K, committed 38080K, reserved 1114112K
  class space    used 4710K, committed 4928K, reserved 1048576K
}
Event: 6.513 GC heap after
{Heap after GC invocations=19 (full 0):
 garbage-first heap   total 175104K, used 55143K [0x00000000a2600000, 0x0000000100000000)
  region size 1024K, 2 young (2048K), 2 survivors (2048K)
 Metaspace       used 37576K, committed 38080K, reserved 1114112K
  class space    used 4710K, committed 4928K, reserved 1048576K
}
Event: 6.922 GC heap before
{Heap before GC invocations=19 (full 0):
 garbage-first heap   total 175104K, used 146279K [0x00000000a2600000, 0x0000000100000000)
  region size 1024K, 91 young (93184K), 2 survivors (2048K)
 Metaspace       used 37675K, committed 38208K, reserved 1114112K
  class space    used 4719K, committed 4928K, reserved 1048576K
}
Event: 6.923 GC heap after
{Heap after GC invocations=20 (full 0):
 garbage-first heap   total 175104K, used 54404K [0x00000000a2600000, 0x0000000100000000)
  region size 1024K, 2 young (2048K), 2 survivors (2048K)
 Metaspace       used 37675K, committed 38208K, reserved 1114112K
  class space    used 4719K, committed 4928K, reserved 1048576K
}
Event: 8.402 GC heap before
{Heap before GC invocations=20 (full 0):
 garbage-first heap   total 175104K, used 148612K [0x00000000a2600000, 0x0000000100000000)
  region size 1024K, 94 young (96256K), 2 survivors (2048K)
 Metaspace       used 44245K, committed 44800K, reserved 1114112K
  class space    used 5526K, committed 5760K, reserved 1048576K
}
Event: 8.407 GC heap after
{Heap after GC invocations=21 (full 0):
 garbage-first heap   total 175104K, used 57191K [0x00000000a2600000, 0x0000000100000000)
  region size 1024K, 4 young (4096K), 4 survivors (4096K)
 Metaspace       used 44245K, committed 44800K, reserved 1114112K
  class space    used 5526K, committed 5760K, reserved 1048576K
}
Event: 8.757 GC heap before
{Heap before GC invocations=22 (full 0):
 garbage-first heap   total 175104K, used 153447K [0x00000000a2600000, 0x0000000100000000)
  region size 1024K, 98 young (100352K), 4 survivors (4096K)
 Metaspace       used 44624K, committed 45248K, reserved 1114112K
  class space    used 5579K, committed 5888K, reserved 1048576K
}
Event: 8.759 GC heap after
{Heap after GC invocations=23 (full 0):
 garbage-first heap   total 175104K, used 56685K [0x00000000a2600000, 0x0000000100000000)
  region size 1024K, 4 young (4096K), 4 survivors (4096K)
 Metaspace       used 44624K, committed 45248K, reserved 1114112K
  class space    used 5579K, committed 5888K, reserved 1048576K
}
Event: 10.492 GC heap before
{Heap before GC invocations=23 (full 0):
 garbage-first heap   total 175104K, used 156013K [0x00000000a2600000, 0x0000000100000000)
  region size 1024K, 101 young (103424K), 4 survivors (4096K)
 Metaspace       used 65481K, committed 66176K, reserved 1114112K
  class space    used 8695K, committed 9024K, reserved 1048576K
}
Event: 10.507 GC heap after
{Heap after GC invocations=24 (full 0):
 garbage-first heap   total 175104K, used 53737K [0x00000000a2600000, 0x0000000100000000)
  region size 1024K, 8 young (8192K), 8 survivors (8192K)
 Metaspace       used 65481K, committed 66176K, reserved 1114112K
  class space    used 8695K, committed 9024K, reserved 1048576K
}

